2024-12-07 12:25:05 - -----------------------------------------
2024-12-07 12:25:41 - Time spent on feature extraction: 31.97 seconds (dataset: beans, model: resnet18)
2024-12-07 12:31:13 - Time spent on BRKGA: 331.61 seconds (n_gen: 2)
2024-12-07 12:31:13 - Best solution fitness: -0.8011 (metric: accuracy)
2024-12-07 12:31:13 - Number of selected features: 306 out of 512
2024-12-07 12:31:19 - accuracy (test set): 0.5078 (all features) / 0.4766 (selected features)
2024-12-07 12:31:19 - precision (test set): 0.5104 (all features) / 0.4821 (selected features)
2024-12-07 12:31:19 - recall (test set): 0.5074 (all features) / 0.4760 (selected features)
2024-12-07 12:31:19 - f1 (test set): 0.5065 (all features) / 0.4755 (selected features)
2024-12-07 12:31:19 - roc_auc (test set): 0.6674 (all features) / 0.6825 (selected features)
2024-12-07 14:39:46 - -----------------------------------------
2024-12-07 14:40:26 - Time spent on feature extraction: 35.34 seconds (dataset: beans, model: resnet18)
2024-12-07 14:41:52 - Time spent on BRKGA: 86.23 seconds (n_gen: 2)
2024-12-07 14:41:52 - Best solution fitness: -0.798343 (metric: accuracy)
2024-12-07 14:41:52 - Number of selected features: 512 out of 512 (binary threshold: 0.0)
2024-12-07 14:41:52 - Function evaluations and fitness history saved to './log/debug_history.csv'
2024-12-07 14:41:59 - accuracy (test set): 0.531250 (all features) / 0.531250 (selected features)
2024-12-07 14:41:59 - precision (test set): 0.542222 (all features) / 0.542222 (selected features)
2024-12-07 14:41:59 - recall (test set): 0.530823 (all features) / 0.530823 (selected features)
2024-12-07 14:41:59 - f1 (test set): 0.530328 (all features) / 0.530328 (selected features)
2024-12-07 14:41:59 - roc_auc (test set): 0.683492 (all features) / 0.683492 (selected features)
2024-12-07 14:44:13 - -----------------------------------------
2024-12-07 14:44:51 - Time spent on feature extraction: 34.41 seconds (dataset: beans, model: resnet18)
2024-12-07 14:46:12 - Time spent on BRKGA: 80.62 seconds (n_gen: 2)
2024-12-07 14:46:12 - Best solution fitness: -0.808011 (metric: accuracy)
2024-12-07 14:46:12 - Number of selected features: 303 out of 512 (binary threshold: 0.4)
2024-12-07 14:46:12 - Function evaluations and fitness history saved to './log/debug_history.csv'
2024-12-07 14:46:19 - accuracy (test set): 0.507812 (all features) / 0.515625 (selected features)
2024-12-07 14:46:19 - precision (test set): 0.515476 (all features) / 0.519516 (selected features)
2024-12-07 14:46:19 - recall (test set): 0.506829 (all features) / 0.515135 (selected features)
2024-12-07 14:46:19 - f1 (test set): 0.505265 (all features) / 0.514539 (selected features)
2024-12-07 14:46:19 - roc_auc (test set): 0.693302 (all features) / 0.681158 (selected features)
2024-12-07 14:53:34 - -----------------------------------------
2024-12-07 14:54:10 - Time spent on feature extraction: 31.93 seconds (dataset: beans, model: resnet18)
2024-12-07 15:00:34 - Time spent on BRKGA: 383.58 seconds (n_gen: 5)
2024-12-07 15:00:34 - Best solution fitness: -0.809392 (metric: accuracy)
2024-12-07 15:00:34 - Number of selected features: 250 out of 512 (binary threshold: 0.5)
2024-12-07 15:00:34 - Fitness history saved to './log/debug_history.csv'
2024-12-07 15:00:43 - accuracy (test set): 0.539062 (all features) / 0.500000 (selected features)
2024-12-07 15:00:43 - precision (test set): 0.549830 (all features) / 0.506787 (selected features)
2024-12-07 15:00:43 - recall (test set): 0.538391 (all features) / 0.499631 (selected features)
2024-12-07 15:00:43 - f1 (test set): 0.536671 (all features) / 0.499794 (selected features)
2024-12-07 15:00:43 - roc_auc (test set): 0.666518 (all features) / 0.655890 (selected features)
2024-12-07 16:05:55 - -----------------------------------------
2024-12-07 16:06:31 - Time spent on feature extraction: 32.26 seconds (dataset: beans, model: resnet18)
2024-12-07 16:09:46 - Time spent on BRKGA: 194.73 seconds (n_gen: 5)
2024-12-07 16:09:46 - Best solution fitness: -0.784530 (metric: accuracy)
2024-12-07 16:09:46 - Number of selected features: 241 out of 512 (binary threshold: 0.5)
2024-12-07 16:09:46 - Fitness history saved to './log/debug_history.csv'
2024-12-07 16:09:53 - accuracy (test set): 0.492188 (all features) / 0.515625 (selected features)
2024-12-07 16:09:53 - precision (test set): 0.489046 (all features) / 0.517389 (selected features)
2024-12-07 16:09:53 - recall (test set): 0.491325 (all features) / 0.515319 (selected features)
2024-12-07 16:09:53 - f1 (test set): 0.488941 (all features) / 0.515143 (selected features)
2024-12-07 16:09:53 - roc_auc (test set): 0.674161 (all features) / 0.688977 (selected features)
2024-12-07 16:09:53 - Randomly selected features have 109 (45.23%) in common with the selected features
2024-12-07 16:09:55 - accuracy (test set): 0.492188 (all features) / 0.515625 (randomly selected features)
2024-12-07 16:09:55 - precision (test set): 0.489046 (all features) / 0.527179 (randomly selected features)
2024-12-07 16:09:55 - recall (test set): 0.491325 (all features) / 0.514950 (randomly selected features)
2024-12-07 16:09:55 - f1 (test set): 0.488941 (all features) / 0.511999 (randomly selected features)
2024-12-07 16:09:55 - roc_auc (test set): 0.674161 (all features) / 0.638140 (randomly selected features)
2024-12-07 20:45:44 - -----------------------------------------
2024-12-07 20:46:37 - Time spent on feature extraction: 41.95 seconds (dataset: beans, model: resnet18)
2024-12-07 20:49:07 - Time spent on BRKGA: 150.05 seconds (n_gen: 4)
2024-12-07 20:49:07 - Best solution fitness: 0.366774 (metric: negative_log_likelihood)
2024-12-07 20:49:07 - Number of selected features: 467 out of 512 (binary threshold: 0.4)
2024-12-07 20:49:07 - Fitness history saved to './log/debug_history.csv'
2024-12-07 20:49:14 - accuracy (test set): 0.523438 (all features) / 0.523438 (selected features)
2024-12-07 20:49:14 - precision (test set): 0.528950 (all features) / 0.527446 (selected features)
2024-12-07 20:49:14 - recall (test set): 0.522518 (all features) / 0.523071 (selected features)
2024-12-07 20:49:14 - f1 (test set): 0.517402 (all features) / 0.522848 (selected features)
2024-12-07 20:49:14 - roc_auc (test set): 0.655593 (all features) / 0.691793 (selected features)
2024-12-07 20:49:14 - Randomly selected features have 424 (90.79%) in common with the selected features
2024-12-07 20:49:17 - accuracy (test set): 0.523438 (all features) / 0.468750 (randomly selected features)
2024-12-07 20:49:17 - precision (test set): 0.528950 (all features) / 0.478182 (randomly selected features)
2024-12-07 20:49:17 - recall (test set): 0.522518 (all features) / 0.468254 (randomly selected features)
2024-12-07 20:49:17 - f1 (test set): 0.517402 (all features) / 0.467524 (randomly selected features)
2024-12-07 20:49:17 - roc_auc (test set): 0.655593 (all features) / 0.661608 (randomly selected features)
2024-12-07 20:50:02 - -----------------------------------------
2024-12-07 20:50:41 - Time spent on feature extraction: 33.80 seconds (dataset: beans, model: resnet18)
2024-12-07 20:52:39 - Time spent on BRKGA: 117.19 seconds (n_gen: 4)
2024-12-07 20:52:39 - Best solution fitness: 0.372605 (metric: negative_log_likelihood)
2024-12-07 20:52:39 - Number of selected features: 456 out of 512 (binary threshold: 0.4)
2024-12-07 20:52:39 - Fitness history saved to './log/debug_history.csv'
2024-12-07 20:52:46 - accuracy (test set): 0.484375 (all features) / 0.539062 (selected features)
2024-12-07 20:52:46 - precision (test set): 0.500151 (all features) / 0.547565 (selected features)
2024-12-07 20:52:46 - recall (test set): 0.483573 (all features) / 0.538391 (selected features)
2024-12-07 20:52:46 - f1 (test set): 0.482308 (all features) / 0.538578 (selected features)
2024-12-07 20:52:46 - roc_auc (test set): 0.653975 (all features) / 0.655127 (selected features)
2024-12-07 20:52:46 - Randomly selected features have 407 (89.25%) in common with the selected features
2024-12-07 20:52:50 - accuracy (test set): 0.484375 (all features) / 0.523438 (randomly selected features)
2024-12-07 20:52:50 - precision (test set): 0.500151 (all features) / 0.529879 (randomly selected features)
2024-12-07 20:52:50 - recall (test set): 0.483573 (all features) / 0.523071 (randomly selected features)
2024-12-07 20:52:50 - f1 (test set): 0.482308 (all features) / 0.523765 (randomly selected features)
2024-12-07 20:52:50 - roc_auc (test set): 0.653975 (all features) / 0.675770 (randomly selected features)
2024-12-07 21:05:59 - -----------------------------------------
2024-12-07 21:06:38 - Time spent on feature extraction: 34.67 seconds (dataset: beans, model: resnet18)
2024-12-07 21:08:35 - Time spent on BRKGA: 117.16 seconds (n_gen: 4)
2024-12-07 21:08:35 - Best solution fitness: -0.871383 (metric: accuracy)
2024-12-07 21:08:35 - Number of selected features: 440 out of 512 (binary threshold: 0.5)
2024-12-07 21:08:35 - Fitness history saved to './log/debug_history.csv'
2024-12-07 21:08:42 - accuracy (test set): 0.500000 (all features) / 0.507812 (selected features)
2024-12-07 21:08:42 - precision (test set): 0.505530 (all features) / 0.512728 (selected features)
2024-12-07 21:08:42 - recall (test set): 0.499631 (all features) / 0.507014 (selected features)
2024-12-07 21:08:42 - f1 (test set): 0.499590 (all features) / 0.504988 (selected features)
2024-12-07 21:08:42 - roc_auc (test set): 0.646565 (all features) / 0.666871 (selected features)
2024-12-07 21:08:42 - Randomly selected features have 379 (86.14%) in common with the selected features
2024-12-07 21:08:45 - accuracy (test set): 0.500000 (all features) / 0.460938 (randomly selected features)
2024-12-07 21:08:45 - precision (test set): 0.505530 (all features) / 0.469624 (randomly selected features)
2024-12-07 21:08:45 - recall (test set): 0.499631 (all features) / 0.460502 (randomly selected features)
2024-12-07 21:08:45 - f1 (test set): 0.499590 (all features) / 0.460796 (randomly selected features)
2024-12-07 21:08:45 - roc_auc (test set): 0.646565 (all features) / 0.662979 (randomly selected features)
2024-12-08 15:20:45 - -----------------------------------------
2024-12-08 15:21:28 - Time spent on feature extraction: 39.30 seconds (dataset: beans, model: resnet18)
2024-12-08 15:23:17 - Time spent on BRKGA: 109.30 seconds (n_gen: 4)
2024-12-08 15:23:17 - Best solution fitness: 0.466527 (metric: negative_log_likelihood)
2024-12-08 15:23:17 - Number of selected features: 238 out of 512 (binary threshold: 0.5)
2024-12-08 15:23:17 - Fitness history saved to './log/debug_history.csv'
2024-12-08 15:23:24 - accuracy (test set): 0.507812 (all features) / 0.492188 (selected features)
2024-12-08 15:23:24 - precision (test set): 0.525261 (all features) / 0.491661 (selected features)
2024-12-08 15:23:24 - recall (test set): 0.506460 (all features) / 0.491879 (selected features)
2024-12-08 15:23:24 - f1 (test set): 0.499932 (all features) / 0.490933 (selected features)
2024-12-08 15:23:24 - roc_auc (test set): 0.669831 (all features) / 0.671220 (selected features)
2024-12-08 15:23:24 - Randomly selected features have 117 (49.16%) in common with the selected features
2024-12-08 15:23:26 - accuracy (test set): 0.507812 (all features) / 0.476562 (randomly selected features)
2024-12-08 15:23:26 - precision (test set): 0.525261 (all features) / 0.479156 (randomly selected features)
2024-12-08 15:23:26 - recall (test set): 0.506460 (all features) / 0.476190 (randomly selected features)
2024-12-08 15:23:26 - f1 (test set): 0.499932 (all features) / 0.475662 (randomly selected features)
2024-12-08 15:23:26 - roc_auc (test set): 0.669831 (all features) / 0.679594 (randomly selected features)
2024-12-08 16:05:02 - -----------------------------------------
2024-12-08 16:05:42 - Time spent on feature extraction: 32.17 seconds (dataset: beans, model: resnet18)
2024-12-08 16:05:42 - BRKGA parameters: n_elites: 128 / n_offsprings: 435 /  n_mutants: 76 / bias: 0
2024-12-08 16:36:15 - Time spent on BRKGA: 1833.37 seconds (n_gen: 4)
2024-12-08 16:36:15 - Best solution fitness: 0.637506 (metric: negative_log_likelihood)
2024-12-08 16:36:15 - Number of selected features: 254 out of 512 (binary threshold: 0.5)
2024-12-08 16:36:15 - Fitness history saved to './log/debug_history.csv'
2024-12-08 16:36:23 - accuracy (test set): 0.523438 (all features) / 0.484375 (selected features)
2024-12-08 16:36:23 - precision (test set): 0.525463 (all features) / 0.486209 (selected features)
2024-12-08 16:36:23 - recall (test set): 0.523071 (all features) / 0.483942 (selected features)
2024-12-08 16:36:23 - f1 (test set): 0.522673 (all features) / 0.483014 (selected features)
2024-12-08 16:36:23 - roc_auc (test set): 0.675856 (all features) / 0.648435 (selected features)
2024-12-08 16:36:23 - Randomly selected features have 130 (51.18%) in common with the selected features
2024-12-08 16:36:27 - accuracy (test set): 0.523438 (all features) / 0.492188 (randomly selected features)
2024-12-08 16:36:27 - precision (test set): 0.525463 (all features) / 0.493393 (randomly selected features)
2024-12-08 16:36:27 - recall (test set): 0.523071 (all features) / 0.491879 (randomly selected features)
2024-12-08 16:36:27 - f1 (test set): 0.522673 (all features) / 0.491713 (randomly selected features)
2024-12-08 16:36:27 - roc_auc (test set): 0.675856 (all features) / 0.664197 (randomly selected features)
2024-12-08 16:58:07 - -----------------------------------------
2024-12-08 16:58:53 - Time spent on feature extraction: 40.81 seconds (dataset: beans, model: resnet18)
2024-12-08 16:58:53 - BRKGA parameters: n_elites: 128 / n_offsprings: 435 / n_mutants: 76 / bias: 0.70
2024-12-08 17:15:04 - Time spent on BRKGA: 971.59 seconds (n_gen: 15)
2024-12-08 17:15:04 - Best solution fitness: 0.304370 (metric: negative_log_likelihood)
2024-12-08 17:15:04 - Number of selected features: 351 out of 512 (binary threshold: 0.3)
2024-12-08 17:15:04 - Fitness history saved to './log/debug_history.csv'
2024-12-08 17:15:13 - accuracy (test set): 0.484375 (all features) / 0.500000 (selected features)
2024-12-08 17:15:13 - precision (test set): 0.490417 (all features) / 0.506645 (selected features)
2024-12-08 17:15:13 - recall (test set): 0.483758 (all features) / 0.499077 (selected features)
2024-12-08 17:15:13 - f1 (test set): 0.483144 (all features) / 0.496626 (selected features)
2024-12-08 17:15:13 - roc_auc (test set): 0.656609 (all features) / 0.660557 (selected features)
2024-12-08 17:15:13 - Randomly selected features have 247 (70.37%) in common with the selected features
2024-12-08 17:15:17 - accuracy (test set): 0.484375 (all features) / 0.468750 (randomly selected features)
2024-12-08 17:15:17 - precision (test set): 0.490417 (all features) / 0.475175 (randomly selected features)
2024-12-08 17:15:17 - recall (test set): 0.483758 (all features) / 0.468069 (randomly selected features)
2024-12-08 17:15:17 - f1 (test set): 0.483144 (all features) / 0.464056 (randomly selected features)
2024-12-08 17:15:17 - roc_auc (test set): 0.656609 (all features) / 0.635747 (randomly selected features)
2024-12-12 11:19:29 - -----------------------------------------
2024-12-12 11:38:21 - Time spent on feature extraction: 1123.27 seconds (dataset: cats_and_dogs, model: resnet34)
2024-12-12 11:38:21 - BRKGA parameters: n_elites: 128 / n_offsprings: 435 / n_mutants: 76 / bias: 0.70
2024-12-12 19:05:23 - Time spent on BRKGA: 26822.81 seconds (n_gen: 50)
2024-12-12 19:05:24 - Best solution fitness: 0.034610 (metric: negative_log_likelihood)
2024-12-12 19:05:24 - Number of selected features: 301 out of 512 (binary threshold: 0.3)
2024-12-12 19:05:24 - Fitness history saved to './log/debug_history.csv'
2024-12-13 10:24:19 - -----------------------------------------
2024-12-13 10:24:25 - dataset: cats_and_dogs, n_classes: 2, model: resnet18
2024-12-13 10:33:21 - Time spent on feature extraction: 535.86 seconds
2024-12-13 10:33:21 - BRKGA parameters: n_elites: 128 / n_offsprings: 435 / n_mutants: 76 / bias: 0.70
2024-12-13 10:46:21 - Time spent on BRKGA: 780.13 seconds (n_gen: 2)
2024-12-13 10:46:21 - Best solution fitness: 0.080142 (metric: negative_log_likelihood)
2024-12-13 10:46:21 - Number of selected features: 373 out of 512 (binary threshold: 0.3)
2024-12-13 10:46:21 - Fitness history saved to './log/debug_history.csv'
2024-12-13 10:50:31 - accuracy (test set): 0.963904 (all features) / 0.962409 (selected features)
2024-12-13 10:50:31 - precision (test set): 0.952697 (all features) / 0.951058 (selected features)
2024-12-13 10:50:31 - recall (test set): 0.976606 (all features) / 0.975330 (selected features)
2024-12-13 10:50:31 - f1 (test set): 0.964503 (all features) / 0.963041 (selected features)
2024-12-13 10:50:31 - roc_auc (test set): 0.995302 (all features) / 0.995563 (selected features)
2024-12-13 10:50:31 - Randomly selected features have 275 (73.73%) in common with the selected features
2024-12-13 10:51:54 - accuracy (test set): 0.963904 (all features) / 0.962836 (randomly selected features)
2024-12-13 10:51:54 - precision (test set): 0.952697 (all features) / 0.951847 (randomly selected features)
2024-12-13 10:51:54 - recall (test set): 0.976606 (all features) / 0.975330 (randomly selected features)
2024-12-13 10:51:54 - f1 (test set): 0.964503 (all features) / 0.963445 (randomly selected features)
2024-12-13 10:51:54 - roc_auc (test set): 0.995302 (all features) / 0.995428 (randomly selected features)
2024-12-13 10:52:34 - -----------------------------------------
2024-12-13 10:52:37 - dataset: brain_tumor, n_classes: 4, n_samples: 72, model: resnet18
2024-12-13 10:53:51 - Time spent on feature extraction: 74.26 seconds
2024-12-13 10:53:51 - BRKGA parameters: n_elites: 128 / n_offsprings: 435 / n_mutants: 76 / bias: 0.70
2024-12-13 11:01:06 - Time spent on BRKGA: 434.87 seconds (n_gen: 2)
2024-12-13 11:01:06 - Best solution fitness: 0.572035 (metric: negative_log_likelihood)
2024-12-13 11:01:06 - Number of selected features: 385 out of 512 (binary threshold: 0.3)
2024-12-13 11:01:06 - Fitness history saved to './log/debug_history.csv'
2024-12-13 11:01:27 - accuracy (test set): 0.352792 (all features) / 0.322335 (selected features)
2024-12-13 11:01:27 - precision (test set): 0.405713 (all features) / 0.363248 (selected features)
2024-12-13 11:01:27 - recall (test set): 0.353786 (all features) / 0.322424 (selected features)
2024-12-13 11:01:27 - f1 (test set): 0.320836 (all features) / 0.299289 (selected features)
2024-12-13 11:01:27 - roc_auc (test set): 0.631940 (all features) / 0.605378 (selected features)
2024-12-13 11:01:27 - Randomly selected features have 286 (74.29%) in common with the selected features
2024-12-13 11:01:35 - accuracy (test set): 0.352792 (all features) / 0.342640 (randomly selected features)
2024-12-13 11:01:35 - precision (test set): 0.405713 (all features) / 0.413222 (randomly selected features)
2024-12-13 11:01:35 - recall (test set): 0.353786 (all features) / 0.343855 (randomly selected features)
2024-12-13 11:01:35 - f1 (test set): 0.320836 (all features) / 0.319637 (randomly selected features)
2024-12-13 11:01:35 - roc_auc (test set): 0.631940 (all features) / 0.628896 (randomly selected features)
2024-12-13 13:14:25 - -----------------------------------------
2024-12-13 13:14:29 - dataset: letter_recognition, n_classes: 26, n_samples: 650, model: resnet34
2024-12-13 13:32:11 - Time spent on feature extraction: 1062.26 seconds
2024-12-13 13:32:11 - BRKGA parameters: n_elites: 128 / n_offsprings: 435 / n_mutants: 76 / bias: 0.70
2024-12-13 16:19:21 - Time spent on BRKGA: 10029.53 seconds (n_gen: 2)
2024-12-13 16:19:21 - Best solution fitness: 0.482217 (metric: negative_log_likelihood)
2024-12-13 16:19:21 - Number of selected features: 366 out of 512 (binary threshold: 0.3)
2024-12-13 16:19:21 - Fitness history saved to './log/debug_history.csv'
2024-12-13 16:23:18 - accuracy (test set): 0.138846 (all features) / 0.145000 (selected features)
2024-12-13 16:23:18 - precision (test set): 0.151410 (all features) / 0.155599 (selected features)
2024-12-13 16:23:18 - recall (test set): 0.138846 (all features) / 0.145000 (selected features)
2024-12-13 16:23:18 - f1 (test set): 0.139400 (all features) / 0.145515 (selected features)
2024-12-13 16:23:18 - roc_auc (test set): 0.639645 (all features) / 0.635744 (selected features)
2024-12-13 16:23:18 - Randomly selected features have 261 (71.31%) in common with the selected features
2024-12-13 16:25:24 - accuracy (test set): 0.138846 (all features) / 0.140385 (randomly selected features)
2024-12-13 16:25:24 - precision (test set): 0.151410 (all features) / 0.145856 (randomly selected features)
2024-12-13 16:25:24 - recall (test set): 0.138846 (all features) / 0.140385 (randomly selected features)
2024-12-13 16:25:24 - f1 (test set): 0.139400 (all features) / 0.139755 (randomly selected features)
2024-12-13 16:25:24 - roc_auc (test set): 0.639645 (all features) / 0.638732 (randomly selected features)
